Analysis & Synthesis report for Lab_3
Wed May 09 20:19:08 2012
Quartus II Version 9.1 Build 222 10/21/2009 SJ Web Edition


---------------------
; Table of Contents ;
---------------------
  1. Legal Notice
  2. Analysis & Synthesis Summary
  3. Analysis & Synthesis Settings
  4. Parallel Compilation
  5. Analysis & Synthesis Source Files Read
  6. Analysis & Synthesis Resource Usage Summary
  7. Analysis & Synthesis Resource Utilization by Entity
  8. General Register Statistics
  9. Parameter Settings for User Entity Instance: lpm_ff5:Register_4|lpm_ff:lpm_ff_component
 10. Parameter Settings for User Entity Instance: lpm_ff5:Register_3|lpm_ff:lpm_ff_component
 11. Parameter Settings for User Entity Instance: lpm_ff5:Register_2|lpm_ff:lpm_ff_component
 12. Parameter Settings for User Entity Instance: lpm_ff5:Register_1|lpm_ff:lpm_ff_component
 13. Parameter Settings for User Entity Instance: lpm_ff6:inst21|lpm_ff:lpm_ff_component
 14. Analysis & Synthesis Messages



----------------
; Legal Notice ;
----------------
Copyright (C) 1991-2009 Altera Corporation
Your use of Altera Corporation's design tools, logic functions 
and other software and tools, and its AMPP partner logic 
functions, and any output files from any of the foregoing 
(including device programming or simulation files), and any 
associated documentation or information are expressly subject 
to the terms and conditions of the Altera Program License 
Subscription Agreement, Altera MegaCore Function License 
Agreement, or other applicable license agreement, including, 
without limitation, that your use is for the sole purpose of 
programming logic devices manufactured by Altera and sold by 
Altera or its authorized distributors.  Please refer to the 
applicable agreement for further details.



+-------------------------------------------------------------------------+
; Analysis & Synthesis Summary                                            ;
+-------------------------------+-----------------------------------------+
; Analysis & Synthesis Status   ; Successful - Wed May 09 20:19:08 2012   ;
; Quartus II Version            ; 9.1 Build 222 10/21/2009 SJ Web Edition ;
; Revision Name                 ; Lab_3                                   ;
; Top-level Entity Name         ; Registers                               ;
; Family                        ; Stratix II                              ;
; Logic utilization             ; N/A                                     ;
;     Combinational ALUTs       ; 49                                      ;
;     Dedicated logic registers ; 32                                      ;
; Total registers               ; 32                                      ;
; Total pins                    ; 67                                      ;
; Total virtual pins            ; 0                                       ;
; Total block memory bits       ; 0                                       ;
; DSP block 9-bit elements      ; 0                                       ;
; Total PLLs                    ; 0                                       ;
; Total DLLs                    ; 0                                       ;
+-------------------------------+-----------------------------------------+


+----------------------------------------------------------------------------------------------------------------------+
; Analysis & Synthesis Settings                                                                                        ;
+----------------------------------------------------------------------------+--------------------+--------------------+
; Option                                                                     ; Setting            ; Default Value      ;
+----------------------------------------------------------------------------+--------------------+--------------------+
; Device                                                                     ; EP2S15F484C3       ;                    ;
; Top-level entity name                                                      ; Registers          ; Lab_3              ;
; Family name                                                                ; Stratix II         ; Stratix II         ;
; Use Generated Physical Constraints File                                    ; Off                ;                    ;
; Use smart compilation                                                      ; Off                ; Off                ;
; Enable parallel Assembler and TimeQuest Timing Analyzer during compilation ; On                 ; On                 ;
; Enable compact report table                                                ; Off                ; Off                ;
; Restructure Multiplexers                                                   ; Auto               ; Auto               ;
; Create Debugging Nodes for IP Cores                                        ; Off                ; Off                ;
; Preserve fewer node names                                                  ; On                 ; On                 ;
; Disable OpenCore Plus hardware evaluation                                  ; Off                ; Off                ;
; Verilog Version                                                            ; Verilog_2001       ; Verilog_2001       ;
; VHDL Version                                                               ; VHDL_1993          ; VHDL_1993          ;
; State Machine Processing                                                   ; Auto               ; Auto               ;
; Safe State Machine                                                         ; Off                ; Off                ;
; Extract Verilog State Machines                                             ; On                 ; On                 ;
; Extract VHDL State Machines                                                ; On                 ; On                 ;
; Ignore Verilog initial constructs                                          ; Off                ; Off                ;
; Iteration limit for constant Verilog loops                                 ; 5000               ; 5000               ;
; Iteration limit for non-constant Verilog loops                             ; 250                ; 250                ;
; Add Pass-Through Logic to Inferred RAMs                                    ; On                 ; On                 ;
; Parallel Synthesis                                                         ; On                 ; On                 ;
; DSP Block Balancing                                                        ; Auto               ; Auto               ;
; NOT Gate Push-Back                                                         ; On                 ; On                 ;
; Power-Up Don't Care                                                        ; On                 ; On                 ;
; Remove Redundant Logic Cells                                               ; Off                ; Off                ;
; Remove Duplicate Registers                                                 ; On                 ; On                 ;
; Ignore CARRY Buffers                                                       ; Off                ; Off                ;
; Ignore CASCADE Buffers                                                     ; Off                ; Off                ;
; Ignore GLOBAL Buffers                                                      ; Off                ; Off                ;
; Ignore ROW GLOBAL Buffers                                                  ; Off                ; Off                ;
; Ignore LCELL Buffers                                                       ; Off                ; Off                ;
; Ignore SOFT Buffers                                                        ; On                 ; On                 ;
; Limit AHDL Integers to 32 Bits                                             ; Off                ; Off                ;
; Optimization Technique                                                     ; Balanced           ; Balanced           ;
; Carry Chain Length                                                         ; 70                 ; 70                 ;
; Auto Carry Chains                                                          ; On                 ; On                 ;
; Auto Open-Drain Pins                                                       ; On                 ; On                 ;
; Perform WYSIWYG Primitive Resynthesis                                      ; Off                ; Off                ;
; Auto ROM Replacement                                                       ; On                 ; On                 ;
; Auto RAM Replacement                                                       ; On                 ; On                 ;
; Auto DSP Block Replacement                                                 ; On                 ; On                 ;
; Auto Shift Register Replacement                                            ; Auto               ; Auto               ;
; Auto Clock Enable Replacement                                              ; On                 ; On                 ;
; Strict RAM Replacement                                                     ; Off                ; Off                ;
; Allow Synchronous Control Signals                                          ; On                 ; On                 ;
; Force Use of Synchronous Clear Signals                                     ; Off                ; Off                ;
; Auto RAM Block Balancing                                                   ; On                 ; On                 ;
; Auto RAM to Logic Cell Conversion                                          ; Off                ; Off                ;
; Auto Resource Sharing                                                      ; Off                ; Off                ;
; Allow Any RAM Size For Recognition                                         ; Off                ; Off                ;
; Allow Any ROM Size For Recognition                                         ; Off                ; Off                ;
; Allow Any Shift Register Size For Recognition                              ; Off                ; Off                ;
; Use LogicLock Constraints during Resource Balancing                        ; On                 ; On                 ;
; Ignore translate_off and synthesis_off directives                          ; Off                ; Off                ;
; Timing-Driven Synthesis                                                    ; Off                ; Off                ;
; Show Parameter Settings Tables in Synthesis Report                         ; On                 ; On                 ;
; Ignore Maximum Fan-Out Assignments                                         ; Off                ; Off                ;
; Synchronization Register Chain Length                                      ; 2                  ; 2                  ;
; PowerPlay Power Optimization                                               ; Normal compilation ; Normal compilation ;
; HDL message level                                                          ; Level2             ; Level2             ;
; Suppress Register Optimization Related Messages                            ; Off                ; Off                ;
; Number of Removed Registers Reported in Synthesis Report                   ; 100                ; 100                ;
; Number of Inverted Registers Reported in Synthesis Report                  ; 100                ; 100                ;
; Clock MUX Protection                                                       ; On                 ; On                 ;
; Auto Gated Clock Conversion                                                ; Off                ; Off                ;
; Block Design Naming                                                        ; Auto               ; Auto               ;
; SDC constraint protection                                                  ; Off                ; Off                ;
; Synthesis Effort                                                           ; Auto               ; Auto               ;
; Shift Register Replacement - Allow Asynchronous Clear Signal               ; On                 ; On                 ;
; Analysis & Synthesis Message Level                                         ; Medium             ; Medium             ;
; Disable Register Merging Across Hierarchies                                ; Auto               ; Auto               ;
; Resource Aware Inference For Block RAM                                     ; On                 ; On                 ;
+----------------------------------------------------------------------------+--------------------+--------------------+


Parallel compilation was disabled, but you have multiple processors available. Enable parallel compilation to reduce compilation time.
+-------------------------------------+
; Parallel Compilation                ;
+----------------------------+--------+
; Processors                 ; Number ;
+----------------------------+--------+
; Number detected on machine ; 2      ;
; Maximum allowed            ; 1      ;
+----------------------------+--------+


+---------------------------------------------------------------------------------------------------------------------------------------------------+
; Analysis & Synthesis Source Files Read                                                                                                            ;
+----------------------------------+-----------------+------------------------------------+---------------------------------------------------------+
; File Name with User-Entered Path ; Used in Netlist ; File Type                          ; File Name with Absolute Path                            ;
+----------------------------------+-----------------+------------------------------------+---------------------------------------------------------+
; Registers.bdf                    ; yes             ; User Block Diagram/Schematic File  ; C:/Users/Gurio/GIT/SFO_Lab4/lab_4/Registers.bdf         ;
; lpm_ff5.tdf                      ; yes             ; Auto-Found Wizard-Generated File   ; C:/Users/Gurio/GIT/SFO_Lab4/lab_4/lpm_ff5.tdf           ;
; lpm_ff.inc                       ; yes             ; Auto-Found AHDL File               ; c:/altera/91/quartus/libraries/megafunctions/lpm_ff.inc ;
; lpm_ff.tdf                       ; yes             ; Megafunction                       ; c:/altera/91/quartus/libraries/megafunctions/lpm_ff.tdf ;
; lpm_ff6.tdf                      ; yes             ; Auto-Found Wizard-Generated File   ; C:/Users/Gurio/GIT/SFO_Lab4/lab_4/lpm_ff6.tdf           ;
+----------------------------------+-----------------+------------------------------------+---------------------------------------------------------+


+---------------------------------------------------------+
; Analysis & Synthesis Resource Usage Summary             ;
+-----------------------------------------------+---------+
; Resource                                      ; Usage   ;
+-----------------------------------------------+---------+
; Estimated ALUTs Used                          ; 49      ;
; Dedicated logic registers                     ; 32      ;
;                                               ;         ;
; Estimated ALUTs Unavailable                   ; 8       ;
;                                               ;         ;
; Total combinational functions                 ; 49      ;
; Combinational ALUT usage by number of inputs  ;         ;
;     -- 7 input functions                      ; 0       ;
;     -- 6 input functions                      ; 8       ;
;     -- 5 input functions                      ; 1       ;
;     -- 4 input functions                      ; 40      ;
;     -- <=3 input functions                    ; 0       ;
;                                               ;         ;
; Combinational ALUTs by mode                   ;         ;
;     -- normal mode                            ; 49      ;
;     -- extended LUT mode                      ; 0       ;
;     -- arithmetic mode                        ; 0       ;
;     -- shared arithmetic mode                 ; 0       ;
;                                               ;         ;
; Estimated ALUT/register pairs used            ; 57      ;
;                                               ;         ;
; Total registers                               ; 32      ;
;     -- Dedicated logic registers              ; 32      ;
;     -- I/O registers                          ; 0       ;
;                                               ;         ;
; Estimated ALMs:  partially or completely used ; 29      ;
;                                               ;         ;
; I/O pins                                      ; 67      ;
; Maximum fan-out node                          ; WrE/ReE ;
; Maximum fan-out                               ; 41      ;
; Total fan-out                                 ; 301     ;
; Average fan-out                               ; 2.03    ;
+-----------------------------------------------+---------+


+--------------------------------------------------------------------------------------------------------------------------------------------------------------------------------------------------------------------------------------+
; Analysis & Synthesis Resource Utilization by Entity                                                                                                                                                                                  ;
+---------------------------------+-------------------+--------------+-------------------+--------------+---------+-----------+-----------+------+--------------+-------------------------------------------------------+--------------+
; Compilation Hierarchy Node      ; LC Combinationals ; LC Registers ; Block Memory Bits ; DSP Elements ; DSP 9x9 ; DSP 18x18 ; DSP 36x36 ; Pins ; Virtual Pins ; Full Hierarchy Name                                   ; Library Name ;
+---------------------------------+-------------------+--------------+-------------------+--------------+---------+-----------+-----------+------+--------------+-------------------------------------------------------+--------------+
; |Registers                      ; 49 (49)           ; 32 (0)       ; 0                 ; 0            ; 0       ; 0         ; 0         ; 67   ; 0            ; |Registers                                            ; work         ;
;    |lpm_ff5:Register_1|         ; 0 (0)             ; 8 (0)        ; 0                 ; 0            ; 0       ; 0         ; 0         ; 0    ; 0            ; |Registers|lpm_ff5:Register_1                         ; work         ;
;       |lpm_ff:lpm_ff_component| ; 0 (0)             ; 8 (8)        ; 0                 ; 0            ; 0       ; 0         ; 0         ; 0    ; 0            ; |Registers|lpm_ff5:Register_1|lpm_ff:lpm_ff_component ; work         ;
;    |lpm_ff5:Register_2|         ; 0 (0)             ; 8 (0)        ; 0                 ; 0            ; 0       ; 0         ; 0         ; 0    ; 0            ; |Registers|lpm_ff5:Register_2                         ; work         ;
;       |lpm_ff:lpm_ff_component| ; 0 (0)             ; 8 (8)        ; 0                 ; 0            ; 0       ; 0         ; 0         ; 0    ; 0            ; |Registers|lpm_ff5:Register_2|lpm_ff:lpm_ff_component ; work         ;
;    |lpm_ff5:Register_3|         ; 0 (0)             ; 8 (0)        ; 0                 ; 0            ; 0       ; 0         ; 0         ; 0    ; 0            ; |Registers|lpm_ff5:Register_3                         ; work         ;
;       |lpm_ff:lpm_ff_component| ; 0 (0)             ; 8 (8)        ; 0                 ; 0            ; 0       ; 0         ; 0         ; 0    ; 0            ; |Registers|lpm_ff5:Register_3|lpm_ff:lpm_ff_component ; work         ;
;    |lpm_ff5:Register_4|         ; 0 (0)             ; 8 (0)        ; 0                 ; 0            ; 0       ; 0         ; 0         ; 0    ; 0            ; |Registers|lpm_ff5:Register_4                         ;              ;
;       |lpm_ff:lpm_ff_component| ; 0 (0)             ; 8 (8)        ; 0                 ; 0            ; 0       ; 0         ; 0         ; 0    ; 0            ; |Registers|lpm_ff5:Register_4|lpm_ff:lpm_ff_component ; work         ;
+---------------------------------+-------------------+--------------+-------------------+--------------+---------+-----------+-----------+------+--------------+-------------------------------------------------------+--------------+
Note: For table entries with two numbers listed, the numbers in parentheses indicate the number of resources of the given type used by the specific entity alone. The numbers listed outside of parentheses indicate the total resources of the given type used by the specific entity and all of its sub-entities in the hierarchy.


+------------------------------------------------------+
; General Register Statistics                          ;
+----------------------------------------------+-------+
; Statistic                                    ; Value ;
+----------------------------------------------+-------+
; Total registers                              ; 32    ;
; Number of registers using Synchronous Clear  ; 0     ;
; Number of registers using Synchronous Load   ; 0     ;
; Number of registers using Asynchronous Clear ; 0     ;
; Number of registers using Asynchronous Load  ; 0     ;
; Number of registers using Clock Enable       ; 0     ;
; Number of registers using Preset             ; 0     ;
+----------------------------------------------+-------+


+-----------------------------------------------------------------------------------------+
; Parameter Settings for User Entity Instance: lpm_ff5:Register_4|lpm_ff:lpm_ff_component ;
+------------------------+------------+---------------------------------------------------+
; Parameter Name         ; Value      ; Type                                              ;
+------------------------+------------+---------------------------------------------------+
; LPM_WIDTH              ; 8          ; Untyped                                           ;
; LPM_AVALUE             ; UNUSED     ; Untyped                                           ;
; LPM_SVALUE             ; UNUSED     ; Untyped                                           ;
; LPM_FFTYPE             ; DFF        ; Untyped                                           ;
; DEVICE_FAMILY          ; Stratix II ; Untyped                                           ;
; CBXI_PARAMETER         ; NOTHING    ; Untyped                                           ;
; AUTO_CARRY_CHAINS      ; ON         ; AUTO_CARRY                                        ;
; IGNORE_CARRY_BUFFERS   ; OFF        ; IGNORE_CARRY                                      ;
; AUTO_CASCADE_CHAINS    ; ON         ; AUTO_CASCADE                                      ;
; IGNORE_CASCADE_BUFFERS ; OFF        ; IGNORE_CASCADE                                    ;
+------------------------+------------+---------------------------------------------------+
Note: In order to hide this table in the UI and the text report file, please set the "Show Parameter Settings Tables in Synthesis Report" option in "Analysis and Synthesis Settings -> More Settings" to "Off".


+-----------------------------------------------------------------------------------------+
; Parameter Settings for User Entity Instance: lpm_ff5:Register_3|lpm_ff:lpm_ff_component ;
+------------------------+------------+---------------------------------------------------+
; Parameter Name         ; Value      ; Type                                              ;
+------------------------+------------+---------------------------------------------------+
; LPM_WIDTH              ; 8          ; Untyped                                           ;
; LPM_AVALUE             ; UNUSED     ; Untyped                                           ;
; LPM_SVALUE             ; UNUSED     ; Untyped                                           ;
; LPM_FFTYPE             ; DFF        ; Untyped                                           ;
; DEVICE_FAMILY          ; Stratix II ; Untyped                                           ;
; CBXI_PARAMETER         ; NOTHING    ; Untyped                                           ;
; AUTO_CARRY_CHAINS      ; ON         ; AUTO_CARRY                                        ;
; IGNORE_CARRY_BUFFERS   ; OFF        ; IGNORE_CARRY                                      ;
; AUTO_CASCADE_CHAINS    ; ON         ; AUTO_CASCADE                                      ;
; IGNORE_CASCADE_BUFFERS ; OFF        ; IGNORE_CASCADE                                    ;
+------------------------+------------+---------------------------------------------------+
Note: In order to hide this table in the UI and the text report file, please set the "Show Parameter Settings Tables in Synthesis Report" option in "Analysis and Synthesis Settings -> More Settings" to "Off".


+-----------------------------------------------------------------------------------------+
; Parameter Settings for User Entity Instance: lpm_ff5:Register_2|lpm_ff:lpm_ff_component ;
+------------------------+------------+---------------------------------------------------+
; Parameter Name         ; Value      ; Type                                              ;
+------------------------+------------+---------------------------------------------------+
; LPM_WIDTH              ; 8          ; Untyped                                           ;
; LPM_AVALUE             ; UNUSED     ; Untyped                                           ;
; LPM_SVALUE             ; UNUSED     ; Untyped                                           ;
; LPM_FFTYPE             ; DFF        ; Untyped                                           ;
; DEVICE_FAMILY          ; Stratix II ; Untyped                                           ;
; CBXI_PARAMETER         ; NOTHING    ; Untyped                                           ;
; AUTO_CARRY_CHAINS      ; ON         ; AUTO_CARRY                                        ;
; IGNORE_CARRY_BUFFERS   ; OFF        ; IGNORE_CARRY                                      ;
; AUTO_CASCADE_CHAINS    ; ON         ; AUTO_CASCADE                                      ;
; IGNORE_CASCADE_BUFFERS ; OFF        ; IGNORE_CASCADE                                    ;
+------------------------+------------+---------------------------------------------------+
Note: In order to hide this table in the UI and the text report file, please set the "Show Parameter Settings Tables in Synthesis Report" option in "Analysis and Synthesis Settings -> More Settings" to "Off".


+-----------------------------------------------------------------------------------------+
; Parameter Settings for User Entity Instance: lpm_ff5:Register_1|lpm_ff:lpm_ff_component ;
+------------------------+------------+---------------------------------------------------+
; Parameter Name         ; Value      ; Type                                              ;
+------------------------+------------+---------------------------------------------------+
; LPM_WIDTH              ; 8          ; Untyped                                           ;
; LPM_AVALUE             ; UNUSED     ; Untyped                                           ;
; LPM_SVALUE             ; UNUSED     ; Untyped                                           ;
; LPM_FFTYPE             ; DFF        ; Untyped                                           ;
; DEVICE_FAMILY          ; Stratix II ; Untyped                                           ;
; CBXI_PARAMETER         ; NOTHING    ; Untyped                                           ;
; AUTO_CARRY_CHAINS      ; ON         ; AUTO_CARRY                                        ;
; IGNORE_CARRY_BUFFERS   ; OFF        ; IGNORE_CARRY                                      ;
; AUTO_CASCADE_CHAINS    ; ON         ; AUTO_CASCADE                                      ;
; IGNORE_CASCADE_BUFFERS ; OFF        ; IGNORE_CASCADE                                    ;
+------------------------+------------+---------------------------------------------------+
Note: In order to hide this table in the UI and the text report file, please set the "Show Parameter Settings Tables in Synthesis Report" option in "Analysis and Synthesis Settings -> More Settings" to "Off".


+-------------------------------------------------------------------------------------+
; Parameter Settings for User Entity Instance: lpm_ff6:inst21|lpm_ff:lpm_ff_component ;
+------------------------+------------+-----------------------------------------------+
; Parameter Name         ; Value      ; Type                                          ;
+------------------------+------------+-----------------------------------------------+
; LPM_WIDTH              ; 8          ; Untyped                                       ;
; LPM_AVALUE             ; UNUSED     ; Untyped                                       ;
; LPM_SVALUE             ; UNUSED     ; Untyped                                       ;
; LPM_FFTYPE             ; DFF        ; Untyped                                       ;
; DEVICE_FAMILY          ; Stratix II ; Untyped                                       ;
; CBXI_PARAMETER         ; NOTHING    ; Untyped                                       ;
; AUTO_CARRY_CHAINS      ; ON         ; AUTO_CARRY                                    ;
; IGNORE_CARRY_BUFFERS   ; OFF        ; IGNORE_CARRY                                  ;
; AUTO_CASCADE_CHAINS    ; ON         ; AUTO_CASCADE                                  ;
; IGNORE_CASCADE_BUFFERS ; OFF        ; IGNORE_CASCADE                                ;
+------------------------+------------+-----------------------------------------------+
Note: In order to hide this table in the UI and the text report file, please set the "Show Parameter Settings Tables in Synthesis Report" option in "Analysis and Synthesis Settings -> More Settings" to "Off".


+-------------------------------+
; Analysis & Synthesis Messages ;
+-------------------------------+
Info: *******************************************************************
Info: Running Quartus II Analysis & Synthesis
    Info: Version 9.1 Build 222 10/21/2009 SJ Web Edition
    Info: Processing started: Wed May 09 20:19:04 2012
Info: Command: quartus_map --read_settings_files=on --write_settings_files=off Lab_3 -c Lab_3
Info: Found 1 design units, including 1 entities, in source file lab_3.bdf
    Info: Found entity 1: Lab_3
Info: Found 1 design units, including 1 entities, in source file registers.bdf
    Info: Found entity 1: Registers
Info: Found 1 design units, including 1 entities, in source file lab4.bdf
    Info: Found entity 1: lab4
Info: Elaborating entity "Registers" for the top level hierarchy
Warning: Primitive "NOT" of instance "inst8" not used
Warning: Using design file lpm_ff5.tdf, which is not specified as a design file for the current project, but contains definitions for 1 design units and 1 entities in project
    Info: Found entity 1: lpm_ff5
Info: Elaborating entity "lpm_ff5" for hierarchy "lpm_ff5:Register_4"
Info: Elaborating entity "lpm_ff" for hierarchy "lpm_ff5:Register_4|lpm_ff:lpm_ff_component"
Info: Elaborated megafunction instantiation "lpm_ff5:Register_4|lpm_ff:lpm_ff_component"
Info: Instantiated megafunction "lpm_ff5:Register_4|lpm_ff:lpm_ff_component" with the following parameter:
    Info: Parameter "LPM_TYPE" = "LPM_FF"
    Info: Parameter "LPM_WIDTH" = "8"
    Info: Parameter "LPM_FFTYPE" = "DFF"
Warning: Using design file lpm_ff6.tdf, which is not specified as a design file for the current project, but contains definitions for 1 design units and 1 entities in project
    Info: Found entity 1: lpm_ff6
Info: Elaborating entity "lpm_ff6" for hierarchy "lpm_ff6:inst21"
Info: Elaborating entity "lpm_ff" for hierarchy "lpm_ff6:inst21|lpm_ff:lpm_ff_component"
Info: Elaborated megafunction instantiation "lpm_ff6:inst21|lpm_ff:lpm_ff_component"
Info: Instantiated megafunction "lpm_ff6:inst21|lpm_ff:lpm_ff_component" with the following parameter:
    Info: Parameter "LPM_TYPE" = "LPM_FF"
    Info: Parameter "LPM_WIDTH" = "8"
    Info: Parameter "LPM_FFTYPE" = "DFF"
Warning: Tri-state node(s) do not directly drive top-level pin(s)
    Warning: Converted the fan-out from the tri-state buffer "inst[7]" to the node "lpm_ff5:Register_1|lpm_ff:lpm_ff_component|dffs[7]" into an OR gate
    Warning: Converted the fan-out from the tri-state buffer "inst[6]" to the node "lpm_ff5:Register_1|lpm_ff:lpm_ff_component|dffs[6]" into an OR gate
    Warning: Converted the fan-out from the tri-state buffer "inst[5]" to the node "lpm_ff5:Register_1|lpm_ff:lpm_ff_component|dffs[5]" into an OR gate
    Warning: Converted the fan-out from the tri-state buffer "inst[4]" to the node "lpm_ff5:Register_1|lpm_ff:lpm_ff_component|dffs[4]" into an OR gate
    Warning: Converted the fan-out from the tri-state buffer "inst[3]" to the node "lpm_ff5:Register_1|lpm_ff:lpm_ff_component|dffs[3]" into an OR gate
    Warning: Converted the fan-out from the tri-state buffer "inst[2]" to the node "lpm_ff5:Register_1|lpm_ff:lpm_ff_component|dffs[2]" into an OR gate
    Warning: Converted the fan-out from the tri-state buffer "inst[1]" to the node "lpm_ff5:Register_1|lpm_ff:lpm_ff_component|dffs[1]" into an OR gate
    Warning: Converted the fan-out from the tri-state buffer "inst[0]" to the node "lpm_ff5:Register_1|lpm_ff:lpm_ff_component|dffs[0]" into an OR gate
    Warning: Converted the fan-out from the tri-state buffer "inst15[7]" to the node "lpm_ff5:Register_4|lpm_ff:lpm_ff_component|dffs[7]" into an OR gate
    Warning: Converted the fan-out from the tri-state buffer "inst12[7]" to the node "lpm_ff5:Register_3|lpm_ff:lpm_ff_component|dffs[7]" into an OR gate
    Warning: Converted the fan-out from the tri-state buffer "inst9[7]" to the node "lpm_ff5:Register_2|lpm_ff:lpm_ff_component|dffs[7]" into an OR gate
    Warning: Converted the fan-out from the tri-state buffer "inst15[6]" to the node "lpm_ff5:Register_4|lpm_ff:lpm_ff_component|dffs[6]" into an OR gate
    Warning: Converted the fan-out from the tri-state buffer "inst12[6]" to the node "lpm_ff5:Register_3|lpm_ff:lpm_ff_component|dffs[6]" into an OR gate
    Warning: Converted the fan-out from the tri-state buffer "inst9[6]" to the node "lpm_ff5:Register_2|lpm_ff:lpm_ff_component|dffs[6]" into an OR gate
    Warning: Converted the fan-out from the tri-state buffer "inst15[5]" to the node "lpm_ff5:Register_4|lpm_ff:lpm_ff_component|dffs[5]" into an OR gate
    Warning: Converted the fan-out from the tri-state buffer "inst12[5]" to the node "lpm_ff5:Register_3|lpm_ff:lpm_ff_component|dffs[5]" into an OR gate
    Warning: Converted the fan-out from the tri-state buffer "inst9[5]" to the node "lpm_ff5:Register_2|lpm_ff:lpm_ff_component|dffs[5]" into an OR gate
    Warning: Converted the fan-out from the tri-state buffer "inst15[4]" to the node "lpm_ff5:Register_4|lpm_ff:lpm_ff_component|dffs[4]" into an OR gate
    Warning: Converted the fan-out from the tri-state buffer "inst12[4]" to the node "lpm_ff5:Register_3|lpm_ff:lpm_ff_component|dffs[4]" into an OR gate
    Warning: Converted the fan-out from the tri-state buffer "inst9[4]" to the node "lpm_ff5:Register_2|lpm_ff:lpm_ff_component|dffs[4]" into an OR gate
    Warning: Converted the fan-out from the tri-state buffer "inst15[3]" to the node "lpm_ff5:Register_4|lpm_ff:lpm_ff_component|dffs[3]" into an OR gate
    Warning: Converted the fan-out from the tri-state buffer "inst12[3]" to the node "lpm_ff5:Register_3|lpm_ff:lpm_ff_component|dffs[3]" into an OR gate
    Warning: Converted the fan-out from the tri-state buffer "inst9[3]" to the node "lpm_ff5:Register_2|lpm_ff:lpm_ff_component|dffs[3]" into an OR gate
    Warning: Converted the fan-out from the tri-state buffer "inst15[2]" to the node "lpm_ff5:Register_4|lpm_ff:lpm_ff_component|dffs[2]" into an OR gate
    Warning: Converted the fan-out from the tri-state buffer "inst12[2]" to the node "lpm_ff5:Register_3|lpm_ff:lpm_ff_component|dffs[2]" into an OR gate
    Warning: Converted the fan-out from the tri-state buffer "inst9[2]" to the node "lpm_ff5:Register_2|lpm_ff:lpm_ff_component|dffs[2]" into an OR gate
    Warning: Converted the fan-out from the tri-state buffer "inst15[1]" to the node "lpm_ff5:Register_4|lpm_ff:lpm_ff_component|dffs[1]" into an OR gate
    Warning: Converted the fan-out from the tri-state buffer "inst12[1]" to the node "lpm_ff5:Register_3|lpm_ff:lpm_ff_component|dffs[1]" into an OR gate
    Warning: Converted the fan-out from the tri-state buffer "inst9[1]" to the node "lpm_ff5:Register_2|lpm_ff:lpm_ff_component|dffs[1]" into an OR gate
    Warning: Converted the fan-out from the tri-state buffer "inst15[0]" to the node "lpm_ff5:Register_4|lpm_ff:lpm_ff_component|dffs[0]" into an OR gate
    Warning: Converted the fan-out from the tri-state buffer "inst12[0]" to the node "lpm_ff5:Register_3|lpm_ff:lpm_ff_component|dffs[0]" into an OR gate
    Warning: Converted the fan-out from the tri-state buffer "inst9[0]" to the node "lpm_ff5:Register_2|lpm_ff:lpm_ff_component|dffs[0]" into an OR gate
    Warning: Converted the fan-out from the tri-state buffer "inst25[7]" to the node "inst[7]" into an OR gate
    Warning: Converted the fan-out from the tri-state buffer "inst25[6]" to the node "inst[6]" into an OR gate
    Warning: Converted the fan-out from the tri-state buffer "inst25[5]" to the node "inst[5]" into an OR gate
    Warning: Converted the fan-out from the tri-state buffer "inst25[4]" to the node "inst[4]" into an OR gate
    Warning: Converted the fan-out from the tri-state buffer "inst25[3]" to the node "inst[3]" into an OR gate
    Warning: Converted the fan-out from the tri-state buffer "inst25[2]" to the node "inst[2]" into an OR gate
    Warning: Converted the fan-out from the tri-state buffer "inst25[1]" to the node "inst[1]" into an OR gate
    Warning: Converted the fan-out from the tri-state buffer "inst25[0]" to the node "inst[0]" into an OR gate
    Warning: Converted the fan-out from the tri-state buffer "inst31[7]" to the node "inst15[7]" into an OR gate
    Warning: Converted the fan-out from the tri-state buffer "inst29[7]" to the node "inst12[7]" into an OR gate
    Warning: Converted the fan-out from the tri-state buffer "inst27[7]" to the node "inst9[7]" into an OR gate
    Warning: Converted the fan-out from the tri-state buffer "inst31[6]" to the node "inst15[6]" into an OR gate
    Warning: Converted the fan-out from the tri-state buffer "inst29[6]" to the node "inst12[6]" into an OR gate
    Warning: Converted the fan-out from the tri-state buffer "inst27[6]" to the node "inst9[6]" into an OR gate
    Warning: Converted the fan-out from the tri-state buffer "inst31[5]" to the node "inst15[5]" into an OR gate
    Warning: Converted the fan-out from the tri-state buffer "inst29[5]" to the node "inst12[5]" into an OR gate
    Warning: Converted the fan-out from the tri-state buffer "inst27[5]" to the node "inst9[5]" into an OR gate
    Warning: Converted the fan-out from the tri-state buffer "inst31[4]" to the node "inst15[4]" into an OR gate
    Warning: Converted the fan-out from the tri-state buffer "inst29[4]" to the node "inst12[4]" into an OR gate
    Warning: Converted the fan-out from the tri-state buffer "inst27[4]" to the node "inst9[4]" into an OR gate
    Warning: Converted the fan-out from the tri-state buffer "inst31[3]" to the node "inst15[3]" into an OR gate
    Warning: Converted the fan-out from the tri-state buffer "inst29[3]" to the node "inst12[3]" into an OR gate
    Warning: Converted the fan-out from the tri-state buffer "inst27[3]" to the node "inst9[3]" into an OR gate
    Warning: Converted the fan-out from the tri-state buffer "inst31[2]" to the node "inst15[2]" into an OR gate
    Warning: Converted the fan-out from the tri-state buffer "inst29[2]" to the node "inst12[2]" into an OR gate
    Warning: Converted the fan-out from the tri-state buffer "inst27[2]" to the node "inst9[2]" into an OR gate
    Warning: Converted the fan-out from the tri-state buffer "inst31[1]" to the node "inst15[1]" into an OR gate
    Warning: Converted the fan-out from the tri-state buffer "inst29[1]" to the node "inst12[1]" into an OR gate
    Warning: Converted the fan-out from the tri-state buffer "inst27[1]" to the node "inst9[1]" into an OR gate
    Warning: Converted the fan-out from the tri-state buffer "inst31[0]" to the node "inst15[0]" into an OR gate
    Warning: Converted the fan-out from the tri-state buffer "inst29[0]" to the node "inst12[0]" into an OR gate
    Warning: Converted the fan-out from the tri-state buffer "inst27[0]" to the node "inst9[0]" into an OR gate
Warning: Tri-state node(s) do not directly drive top-level pin(s)
    Warning: Converted the fan-out from the tri-state buffer "inst22[7]" to the node "inst25[7]" into an OR gate
    Warning: Converted the fan-out from the tri-state buffer "inst22[6]" to the node "inst25[6]" into an OR gate
    Warning: Converted the fan-out from the tri-state buffer "inst22[5]" to the node "inst25[5]" into an OR gate
    Warning: Converted the fan-out from the tri-state buffer "inst22[4]" to the node "inst25[4]" into an OR gate
    Warning: Converted the fan-out from the tri-state buffer "inst22[3]" to the node "inst25[3]" into an OR gate
    Warning: Converted the fan-out from the tri-state buffer "inst22[2]" to the node "inst25[2]" into an OR gate
    Warning: Converted the fan-out from the tri-state buffer "inst22[1]" to the node "inst25[1]" into an OR gate
    Warning: Converted the fan-out from the tri-state buffer "inst22[0]" to the node "inst25[0]" into an OR gate
Warning: Design contains 36 input pin(s) that do not drive logic
    Warning (15610): No output dependent on input pin "Managment[39]"
    Warning (15610): No output dependent on input pin "Managment[38]"
    Warning (15610): No output dependent on input pin "Managment[37]"
    Warning (15610): No output dependent on input pin "Managment[36]"
    Warning (15610): No output dependent on input pin "Managment[35]"
    Warning (15610): No output dependent on input pin "Managment[34]"
    Warning (15610): No output dependent on input pin "Managment[33]"
    Warning (15610): No output dependent on input pin "Managment[32]"
    Warning (15610): No output dependent on input pin "Managment[31]"
    Warning (15610): No output dependent on input pin "Managment[30]"
    Warning (15610): No output dependent on input pin "Managment[29]"
    Warning (15610): No output dependent on input pin "Managment[28]"
    Warning (15610): No output dependent on input pin "Managment[27]"
    Warning (15610): No output dependent on input pin "Managment[26]"
    Warning (15610): No output dependent on input pin "Managment[25]"
    Warning (15610): No output dependent on input pin "Managment[24]"
    Warning (15610): No output dependent on input pin "Managment[23]"
    Warning (15610): No output dependent on input pin "Managment[22]"
    Warning (15610): No output dependent on input pin "Managment[21]"
    Warning (15610): No output dependent on input pin "Managment[20]"
    Warning (15610): No output dependent on input pin "Managment[19]"
    Warning (15610): No output dependent on input pin "Managment[18]"
    Warning (15610): No output dependent on input pin "Managment[17]"
    Warning (15610): No output dependent on input pin "Managment[16]"
    Warning (15610): No output dependent on input pin "Managment[15]"
    Warning (15610): No output dependent on input pin "Managment[14]"
    Warning (15610): No output dependent on input pin "Managment[13]"
    Warning (15610): No output dependent on input pin "Managment[12]"
    Warning (15610): No output dependent on input pin "Managment[11]"
    Warning (15610): No output dependent on input pin "Managment[10]"
    Warning (15610): No output dependent on input pin "Managment[9]"
    Warning (15610): No output dependent on input pin "Managment[8]"
    Warning (15610): No output dependent on input pin "Managment[7]"
    Warning (15610): No output dependent on input pin "Managment[6]"
    Warning (15610): No output dependent on input pin "Managment[5]"
    Warning (15610): No output dependent on input pin "Managment[4]"
Info: Implemented 116 device resources after synthesis - the final resource count might be different
    Info: Implemented 51 input pins
    Info: Implemented 16 output pins
    Info: Implemented 49 logic cells
Info: Quartus II Analysis & Synthesis was successful. 0 errors, 114 warnings
    Info: Peak virtual memory: 209 megabytes
    Info: Processing ended: Wed May 09 20:19:08 2012
    Info: Elapsed time: 00:00:04
    Info: Total CPU time (on all processors): 00:00:03


